d:\codes\diff\code\diff_stereo\prep\x64\release\vc140.pdb
d:\codes\diff\code\diff_stereo\prep\x64\release\warp_view.obj
d:\codes\diff\code\diff_stereo\prep\x64\release\synthesize_images.obj
d:\codes\diff\code\diff_stereo\prep\x64\release\render.obj
d:\codes\diff\code\diff_stereo\prep\x64\release\prep_ward.obj
d:\codes\diff\code\diff_stereo\prep\x64\release\pref_env.obj
d:\codes\diff\code\diff_stereo\prep\x64\release\obselete.obj
d:\codes\diff\code\diff_stereo\prep\x64\release\main.obj
d:\codes\diff\code\diff_stereo\prep\x64\release\utils.obj
d:\codes\diff\code\diff_stereo\prep\x64\release\optimizer.obj
d:\codes\diff\code\diff_stereo\prep\x64\release\em.obj
d:\codes\diff\code\diff_stereo\prep\x64\release\ver2.obj
d:\codes\diff\code\diff_stereo\x64\release\prep.exe
d:\codes\diff\code\diff_stereo\x64\release\prep.ipdb
d:\codes\diff\code\diff_stereo\x64\release\prep.iobj
d:\codes\diff\code\diff_stereo\x64\release\prep.pdb
d:\codes\diff\code\diff_stereo\prep\x64\release\prep.tlog\cl.command.1.tlog
d:\codes\diff\code\diff_stereo\prep\x64\release\prep.tlog\cl.read.1.tlog
d:\codes\diff\code\diff_stereo\prep\x64\release\prep.tlog\cl.write.1.tlog
d:\codes\diff\code\diff_stereo\prep\x64\release\prep.tlog\link.command.1.tlog
d:\codes\diff\code\diff_stereo\prep\x64\release\prep.tlog\link.read.1.tlog
d:\codes\diff\code\diff_stereo\prep\x64\release\prep.tlog\link.write.1.tlog
